<?xml version="1.0" encoding="UTF-8"?>
<!-- Generated by org.testng.reporters.JUnitXMLReporter -->
<testsuite ignored="0" hostname="ASIA100093" failures="0" tests="6" name="Default test" time="10.544" errors="0" timestamp="2024-02-06T07:45:26 IST">
  <testcase classname="api.test.TC_003_DataProviderTest" name="SetData" time="0.034"/>
  <testcase classname="api.test.TC_003_DataProviderTest" name="SetData" time="0.015"/>
  <testcase classname="api.test.TC_003_DataProviderTest" name="SetData" time="0.014"/>
  <testcase classname="api.test.TC_003_DataProviderTest" name="SetData" time="0.014"/>
  <testcase classname="api.test.TC_003_DataProviderTest" name="SetData" time="0.013"/>
  <testcase classname="api.test.TC_003_DataProviderTest" name="PostUser" time="8.508"/>
</testsuite> <!-- Default test -->
