<?xml version="1.0" encoding="UTF-8"?>
<!-- Generated by org.testng.reporters.JUnitXMLReporter -->
<testsuite ignored="0" hostname="ASIA100093" failures="0" tests="6" name="Test" time="10.212" errors="0" timestamp="2024-02-06T07:38:08 IST">
  <testcase classname="api.test.TC_003_DataProviderTest" name="SetData" time="0.038"/>
  <testcase classname="api.test.TC_003_DataProviderTest" name="SetData" time="0.017"/>
  <testcase classname="api.test.TC_003_DataProviderTest" name="SetData" time="0.014"/>
  <testcase classname="api.test.TC_003_DataProviderTest" name="SetData" time="0.013"/>
  <testcase classname="api.test.TC_003_DataProviderTest" name="SetData" time="0.013"/>
  <testcase classname="api.test.TC_003_DataProviderTest" name="PostUser" time="8.24"/>
</testsuite> <!-- Test -->
