<?xml version="1.0" encoding="UTF-8"?>
<!-- Generated by org.testng.reporters.JUnitXMLReporter -->
<testsuite ignored="0" hostname="ASIA100093" failures="0" tests="6" name="Test" time="7.937" errors="0" timestamp="2024-02-06T09:54:56 IST">
  <testcase classname="api.test.TC_003_DataProviderTest" name="SetData" time="0.017"/>
  <testcase classname="api.test.TC_003_DataProviderTest" name="SetData" time="0.01"/>
  <testcase classname="api.test.TC_003_DataProviderTest" name="SetData" time="0.007"/>
  <testcase classname="api.test.TC_003_DataProviderTest" name="SetData" time="0.008"/>
  <testcase classname="api.test.TC_003_DataProviderTest" name="SetData" time="0.006"/>
  <testcase classname="api.test.TC_003_DataProviderTest" name="PostUser" time="6.724"/>
</testsuite> <!-- Test -->
