<?xml version="1.0" encoding="UTF-8"?>
<testsuite xmlns:xsi="http://www.w3.org/2001/XMLSchema-instance" xsi:noNamespaceSchemaLocation="https://maven.apache.org/surefire/maven-surefire-plugin/xsd/surefire-test-report-3.0.xsd" version="3.0" name="TestSuite" time="8.369" tests="6" errors="0" skipped="0" failures="0">
  <properties>
[...]
</properties>
  <testcase name="SetData[1, don@123, munna, godbole, munna@gmail.com, circuit, 1011011010](1)" classname="api.test.TC_003_DataProviderTest" time="0.032">
    <system-err><![CDATA[SLF4J: Failed to load class "org.slf4j.impl.StaticLoggerBinder".
SLF4J: Defaulting to no-operation (NOP) logger implementation
SLF4J: See http://www.slf4j.org/codes.html#StaticLoggerBinder for further details.
]]></system-err>
  </testcase>
  <testcase name="SetData[2, jaguar#9, sheru, tommy, pedigree@yahoo.com, bowbhow, 4567891230](2)" classname="api.test.TC_003_DataProviderTest" time="0.007"/>
  <testcase name="SetData[3, nomad67, junglee, stone, yabadabadoo@rediffmail.com, 101010, 67578578687](3)" classname="api.test.TC_003_DataProviderTest" time="0.006"/>
  <testcase name="SetData[4, satya45, shiva, bhai, nandi@bentley.com, ganesh, 1234546790](4)" classname="api.test.TC_003_DataProviderTest" time="0.008"/>
  <testcase name="SetData[5, gurus1, drona, drona, charya, arjun, 2345678901](5)" classname="api.test.TC_003_DataProviderTest" time="0.007"/>
  <testcase name="PostUser" classname="api.test.TC_003_DataProviderTest" time="6.727">
    <system-out><![CDATA[HTTP/1.1 200 OK
Date: Tue, 06 Feb 2024 04:24:51 GMT
Content-Type: application/json
Transfer-Encoding: chunked
Connection: keep-alive
Access-Control-Allow-Origin: *
Access-Control-Allow-Methods: GET, POST, DELETE, PUT
Access-Control-Allow-Headers: Content-Type, api_key, Authorization
Server: Jetty(9.2.9.v20150224)

{
    "code": 200,
    "type": "unknown",
    "message": "9223372036854775807"
}
HTTP/1.1 200 OK
Date: Tue, 06 Feb 2024 04:24:53 GMT
Content-Type: application/json
Transfer-Encoding: chunked
Connection: keep-alive
Access-Control-Allow-Origin: *
Access-Control-Allow-Methods: GET, POST, DELETE, PUT
Access-Control-Allow-Headers: Content-Type, api_key, Authorization
Server: Jetty(9.2.9.v20150224)

{
    "code": 200,
    "type": "unknown",
    "message": "9223372036854775807"
}
HTTP/1.1 200 OK
Date: Tue, 06 Feb 2024 04:24:54 GMT
Content-Type: application/json
Transfer-Encoding: chunked
Connection: keep-alive
Access-Control-Allow-Origin: *
Access-Control-Allow-Methods: GET, POST, DELETE, PUT
Access-Control-Allow-Headers: Content-Type, api_key, Authorization
Server: Jetty(9.2.9.v20150224)

{
    "code": 200,
    "type": "unknown",
    "message": "9223372036854775807"
}
HTTP/1.1 200 OK
Date: Tue, 06 Feb 2024 04:24:55 GMT
Content-Type: application/json
Transfer-Encoding: chunked
Connection: keep-alive
Access-Control-Allow-Origin: *
Access-Control-Allow-Methods: GET, POST, DELETE, PUT
Access-Control-Allow-Headers: Content-Type, api_key, Authorization
Server: Jetty(9.2.9.v20150224)

{
    "code": 200,
    "type": "unknown",
    "message": "9223372036854775807"
}
HTTP/1.1 200 OK
Date: Tue, 06 Feb 2024 04:24:56 GMT
Content-Type: application/json
Transfer-Encoding: chunked
Connection: keep-alive
Access-Control-Allow-Origin: *
Access-Control-Allow-Methods: GET, POST, DELETE, PUT
Access-Control-Allow-Headers: Content-Type, api_key, Authorization
Server: Jetty(9.2.9.v20150224)

{
    "code": 200,
    "type": "unknown",
    "message": "9223372036854775807"
}
]]></system-out>
  </testcase>
</testsuite>