<?xml version="1.0" encoding="UTF-8"?>
<testng-results ignored="0" total="6" passed="6" failed="0" skipped="0">
  <reporter-output>
  </reporter-output>
  <suite started-at="2024-02-06T16:10:04 IST" name="Suite" finished-at="2024-02-06T16:10:13 IST" duration-ms="8612">
    <groups>
    </groups>
    <test started-at="2024-02-06T16:10:04 IST" name="Test" finished-at="2024-02-06T16:10:13 IST" duration-ms="8612">
      <class name="api.test.TC_003_DataProviderTest">
        <test-method signature="SetData(java.lang.String,java.lang.String,java.lang.String,java.lang.String,java.lang.String,java.lang.String,java.lang.String)[pri:1, instance:api.test.TC_003_DataProviderTest@654f0d9c]" started-at="2024-02-06T16:10:06 IST" name="SetData" data-provider="Data" finished-at="2024-02-06T16:10:06 IST" duration-ms="19" status="PASS">
          <params>
            <param index="0">
              <value>
                <![CDATA[1]]>
              </value>
            </param>
            <param index="1">
              <value>
                <![CDATA[don@123]]>
              </value>
            </param>
            <param index="2">
              <value>
                <![CDATA[munna]]>
              </value>
            </param>
            <param index="3">
              <value>
                <![CDATA[godbole]]>
              </value>
            </param>
            <param index="4">
              <value>
                <![CDATA[munna@gmail.com]]>
              </value>
            </param>
            <param index="5">
              <value>
                <![CDATA[circuit]]>
              </value>
            </param>
            <param index="6">
              <value>
                <![CDATA[1011011010]]>
              </value>
            </param>
          </params>
          <reporter-output>
          </reporter-output>
        </test-method> <!-- SetData -->
        <test-method signature="SetData(java.lang.String,java.lang.String,java.lang.String,java.lang.String,java.lang.String,java.lang.String,java.lang.String)[pri:1, instance:api.test.TC_003_DataProviderTest@654f0d9c]" started-at="2024-02-06T16:10:06 IST" name="SetData" data-provider="Data" finished-at="2024-02-06T16:10:06 IST" duration-ms="7" status="PASS">
          <params>
            <param index="0">
              <value>
                <![CDATA[2]]>
              </value>
            </param>
            <param index="1">
              <value>
                <![CDATA[jaguar#9]]>
              </value>
            </param>
            <param index="2">
              <value>
                <![CDATA[sheru]]>
              </value>
            </param>
            <param index="3">
              <value>
                <![CDATA[tommy]]>
              </value>
            </param>
            <param index="4">
              <value>
                <![CDATA[pedigree@yahoo.com]]>
              </value>
            </param>
            <param index="5">
              <value>
                <![CDATA[bowbhow]]>
              </value>
            </param>
            <param index="6">
              <value>
                <![CDATA[4567891230]]>
              </value>
            </param>
          </params>
          <reporter-output>
          </reporter-output>
        </test-method> <!-- SetData -->
        <test-method signature="SetData(java.lang.String,java.lang.String,java.lang.String,java.lang.String,java.lang.String,java.lang.String,java.lang.String)[pri:1, instance:api.test.TC_003_DataProviderTest@654f0d9c]" started-at="2024-02-06T16:10:06 IST" name="SetData" data-provider="Data" finished-at="2024-02-06T16:10:06 IST" duration-ms="7" status="PASS">
          <params>
            <param index="0">
              <value>
                <![CDATA[3]]>
              </value>
            </param>
            <param index="1">
              <value>
                <![CDATA[nomad67]]>
              </value>
            </param>
            <param index="2">
              <value>
                <![CDATA[junglee]]>
              </value>
            </param>
            <param index="3">
              <value>
                <![CDATA[stone]]>
              </value>
            </param>
            <param index="4">
              <value>
                <![CDATA[yabadabadoo@rediffmail.com]]>
              </value>
            </param>
            <param index="5">
              <value>
                <![CDATA[101010]]>
              </value>
            </param>
            <param index="6">
              <value>
                <![CDATA[67578578687]]>
              </value>
            </param>
          </params>
          <reporter-output>
          </reporter-output>
        </test-method> <!-- SetData -->
        <test-method signature="SetData(java.lang.String,java.lang.String,java.lang.String,java.lang.String,java.lang.String,java.lang.String,java.lang.String)[pri:1, instance:api.test.TC_003_DataProviderTest@654f0d9c]" started-at="2024-02-06T16:10:06 IST" name="SetData" data-provider="Data" finished-at="2024-02-06T16:10:06 IST" duration-ms="6" status="PASS">
          <params>
            <param index="0">
              <value>
                <![CDATA[4]]>
              </value>
            </param>
            <param index="1">
              <value>
                <![CDATA[satya45]]>
              </value>
            </param>
            <param index="2">
              <value>
                <![CDATA[shiva]]>
              </value>
            </param>
            <param index="3">
              <value>
                <![CDATA[bhai]]>
              </value>
            </param>
            <param index="4">
              <value>
                <![CDATA[nandi@bentley.com]]>
              </value>
            </param>
            <param index="5">
              <value>
                <![CDATA[ganesh]]>
              </value>
            </param>
            <param index="6">
              <value>
                <![CDATA[1234546790]]>
              </value>
            </param>
          </params>
          <reporter-output>
          </reporter-output>
        </test-method> <!-- SetData -->
        <test-method signature="SetData(java.lang.String,java.lang.String,java.lang.String,java.lang.String,java.lang.String,java.lang.String,java.lang.String)[pri:1, instance:api.test.TC_003_DataProviderTest@654f0d9c]" started-at="2024-02-06T16:10:06 IST" name="SetData" data-provider="Data" finished-at="2024-02-06T16:10:06 IST" duration-ms="7" status="PASS">
          <params>
            <param index="0">
              <value>
                <![CDATA[5]]>
              </value>
            </param>
            <param index="1">
              <value>
                <![CDATA[gurus1]]>
              </value>
            </param>
            <param index="2">
              <value>
                <![CDATA[drona]]>
              </value>
            </param>
            <param index="3">
              <value>
                <![CDATA[drona]]>
              </value>
            </param>
            <param index="4">
              <value>
                <![CDATA[charya]]>
              </value>
            </param>
            <param index="5">
              <value>
                <![CDATA[arjun]]>
              </value>
            </param>
            <param index="6">
              <value>
                <![CDATA[2345678901]]>
              </value>
            </param>
          </params>
          <reporter-output>
          </reporter-output>
        </test-method> <!-- SetData -->
        <test-method signature="PostUser()[pri:2, instance:api.test.TC_003_DataProviderTest@654f0d9c]" started-at="2024-02-06T16:10:06 IST" name="PostUser" finished-at="2024-02-06T16:10:13 IST" duration-ms="7075" status="PASS">
          <reporter-output>
          </reporter-output>
        </test-method> <!-- PostUser -->
      </class> <!-- api.test.TC_003_DataProviderTest -->
    </test> <!-- Test -->
  </suite> <!-- Suite -->
</testng-results>
